<?xml version="1.0" encoding="UTF-8"?>
<!-- Generated by org.testng.reporters.JUnitXMLReporter -->
<testsuite ignored="0" hostname="om-PC" failures="0" tests="3" name="Default test" time="119.258" errors="0" timestamp="2022-04-01T12:45:26 IST">
  <testcase classname="com.testng.program.Automation_Testng" name="tshirt" time="11.962"/>
  <testcase classname="com.testng.program.Automation_Testng" name="women" time="8.846"/>
  <testcase classname="com.testng.program.Automation_Testng" name="dresses" time="44.698"/>
</testsuite> <!-- Default test -->
