<?xml version="1.0" encoding="UTF-8"?>
<!-- Generated by org.testng.reporters.JUnitXMLReporter -->
<testsuite ignored="0" hostname="om-PC" failures="0" tests="4" name="Test" time="52.435" errors="0" timestamp="2022-04-01T12:13:01 IST">
  <testcase classname="com.testng.futures.I_Annotation_Methods" name="fb_username" time="15.941"/>
  <testcase classname="com.testng.futures.I_Annotation_Methods" name="fb_password" time="15.968">
    <skipped/>
  </testcase> <!-- fb_password -->
  <testcase classname="com.testng.futures.I_Annotation_Methods" name="fb_password" time="15.437">
    <skipped/>
  </testcase> <!-- fb_password -->
  <testcase classname="com.testng.futures.I_Annotation_Methods" name="fb_password" time="4.988"/>
</testsuite> <!-- Test -->
