<?xml version="1.0" encoding="UTF-8"?>
<testng-results ignored="0" total="3" passed="3" failed="0" skipped="0">
  <reporter-output>
  </reporter-output>
  <suite started-at="2022-04-01T12:43:27 IST" name="Default suite" finished-at="2022-04-01T12:45:26 IST" duration-ms="119258">
    <groups>
    </groups>
    <test started-at="2022-04-01T12:43:27 IST" name="Default test" finished-at="2022-04-01T12:45:26 IST" duration-ms="119258">
      <class name="com.testng.program.Automation_Testng">
        <test-method is-config="true" signature="extent_Report()[pri:0, instance:com.testng.program.Automation_Testng@33aeca0b]" started-at="2022-04-01T12:43:27 IST" name="extent_Report" finished-at="2022-04-01T12:43:27 IST" duration-ms="679" status="PASS">
          <reporter-output>
          </reporter-output>
        </test-method> <!-- extent_Report -->
        <test-method is-config="true" signature="url_Launch()[pri:0, instance:com.testng.program.Automation_Testng@33aeca0b]" started-at="2022-04-01T12:43:27 IST" name="url_Launch" finished-at="2022-04-01T12:43:38 IST" duration-ms="10278" status="PASS">
          <reporter-output>
          </reporter-output>
        </test-method> <!-- url_Launch -->
        <test-method is-config="true" signature="login()[pri:0, instance:com.testng.program.Automation_Testng@33aeca0b]" started-at="2022-04-01T12:43:38 IST" name="login" finished-at="2022-04-01T12:43:51 IST" duration-ms="12820" status="PASS">
          <reporter-output>
          </reporter-output>
        </test-method> <!-- login -->
        <test-method signature="tshirt()[pri:-1, instance:com.testng.program.Automation_Testng@33aeca0b]" started-at="2022-04-01T12:43:51 IST" name="tshirt" finished-at="2022-04-01T12:44:03 IST" duration-ms="11962" status="PASS">
          <reporter-output>
          </reporter-output>
        </test-method> <!-- tshirt -->
        <test-method is-config="true" signature="sigout()[pri:0, instance:com.testng.program.Automation_Testng@33aeca0b]" started-at="2022-04-01T12:44:03 IST" name="sigout" finished-at="2022-04-01T12:44:07 IST" duration-ms="4401" status="PASS">
          <reporter-output>
          </reporter-output>
        </test-method> <!-- sigout -->
        <test-method is-config="true" signature="login()[pri:0, instance:com.testng.program.Automation_Testng@33aeca0b]" started-at="2022-04-01T12:44:07 IST" name="login" finished-at="2022-04-01T12:44:15 IST" duration-ms="8430" status="PASS">
          <reporter-output>
          </reporter-output>
        </test-method> <!-- login -->
        <test-method signature="women()[pri:0, instance:com.testng.program.Automation_Testng@33aeca0b]" started-at="2022-04-01T12:44:15 IST" name="women" finished-at="2022-04-01T12:44:24 IST" duration-ms="8846" status="PASS">
          <reporter-output>
          </reporter-output>
        </test-method> <!-- women -->
        <test-method is-config="true" signature="sigout()[pri:0, instance:com.testng.program.Automation_Testng@33aeca0b]" started-at="2022-04-01T12:44:24 IST" name="sigout" finished-at="2022-04-01T12:44:28 IST" duration-ms="3544" status="PASS">
          <reporter-output>
          </reporter-output>
        </test-method> <!-- sigout -->
        <test-method is-config="true" signature="login()[pri:0, instance:com.testng.program.Automation_Testng@33aeca0b]" started-at="2022-04-01T12:44:28 IST" name="login" finished-at="2022-04-01T12:44:37 IST" duration-ms="9507" status="PASS">
          <reporter-output>
          </reporter-output>
        </test-method> <!-- login -->
        <test-method signature="dresses()[pri:1, instance:com.testng.program.Automation_Testng@33aeca0b]" started-at="2022-04-01T12:44:37 IST" name="dresses" finished-at="2022-04-01T12:45:22 IST" duration-ms="44698" status="PASS">
          <reporter-output>
          </reporter-output>
        </test-method> <!-- dresses -->
        <test-method is-config="true" signature="sigout()[pri:0, instance:com.testng.program.Automation_Testng@33aeca0b]" started-at="2022-04-01T12:45:22 IST" name="sigout" finished-at="2022-04-01T12:45:26 IST" duration-ms="3535" status="PASS">
          <reporter-output>
          </reporter-output>
        </test-method> <!-- sigout -->
        <test-method is-config="true" signature="flush()[pri:0, instance:com.testng.program.Automation_Testng@33aeca0b]" started-at="2022-04-01T12:45:26 IST" name="flush" finished-at="2022-04-01T12:45:26 IST" duration-ms="491" status="PASS">
          <reporter-output>
          </reporter-output>
        </test-method> <!-- flush -->
      </class> <!-- com.testng.program.Automation_Testng -->
    </test> <!-- Default test -->
  </suite> <!-- Default suite -->
</testng-results>
